0 info it worked if it ends with ok
1 verbose cli [ '/usr/local/bin/node', '/usr/local/bin/npm', 'start' ]
2 info using npm@3.10.5
3 info using node@v4.3.1
4 verbose run-script [ 'prestart', 'start', 'poststart' ]
5 info lifecycle spirit.io@1.0.0~prestart: spirit.io@1.0.0
6 silly lifecycle spirit.io@1.0.0~prestart: no script for prestart, continuing
7 info lifecycle spirit.io@1.0.0~start: spirit.io@1.0.0
8 verbose lifecycle spirit.io@1.0.0~start: unsafe-perm in lifecycle true
9 verbose lifecycle spirit.io@1.0.0~start: PATH: /usr/local/lib/node_modules/npm/bin/node-gyp-bin:/Users/Ted/Dev/repositories/spirit.io/node_modules/.bin:/usr/local/bin:/usr/local/bin:/usr/bin:/bin:/usr/sbin:/sbin
10 verbose lifecycle spirit.io@1.0.0~start: CWD: /Users/Ted/Dev/repositories/spirit.io
11 silly lifecycle spirit.io@1.0.0~start: Args: [ '-c', 'node .' ]
12 silly lifecycle spirit.io@1.0.0~start: Returned: code: 1  signal: null
13 info lifecycle spirit.io@1.0.0~start: Failed to exec start script
14 verbose stack Error: spirit.io@1.0.0 start: `node .`
14 verbose stack Exit status 1
14 verbose stack     at EventEmitter.<anonymous> (/usr/local/lib/node_modules/npm/lib/utils/lifecycle.js:242:16)
14 verbose stack     at emitTwo (events.js:87:13)
14 verbose stack     at EventEmitter.emit (events.js:172:7)
14 verbose stack     at ChildProcess.<anonymous> (/usr/local/lib/node_modules/npm/lib/utils/spawn.js:40:14)
14 verbose stack     at emitTwo (events.js:87:13)
14 verbose stack     at ChildProcess.emit (events.js:172:7)
14 verbose stack     at maybeClose (internal/child_process.js:821:16)
14 verbose stack     at Process.ChildProcess._handle.onexit (internal/child_process.js:211:5)
15 verbose pkgid spirit.io@1.0.0
16 verbose cwd /Users/Ted/Dev/repositories/spirit.io
17 error Darwin 14.4.0
18 error argv "/usr/local/bin/node" "/usr/local/bin/npm" "start"
19 error node v4.3.1
20 error npm  v3.10.5
21 error code ELIFECYCLE
22 error spirit.io@1.0.0 start: `node .`
22 error Exit status 1
23 error Failed at the spirit.io@1.0.0 start script 'node .'.
23 error Make sure you have the latest version of node.js and npm installed.
23 error If you do, this is most likely a problem with the spirit.io package,
23 error not with npm itself.
23 error Tell the author that this fails on your system:
23 error     node .
23 error You can get information on how to open an issue for this project with:
23 error     npm bugs spirit.io
23 error Or if that isn't available, you can get their info via:
23 error     npm owner ls spirit.io
23 error There is likely additional logging output above.
24 verbose exit [ 1, true ]
